\BOOKMARK [0][-]{section*.6}{\376\377\000L\000i\000s\000t\000\040\000o\000f\000\040\000F\000i\000g\000u\000r\000e\000s}{}% 1
\BOOKMARK [0][-]{section*.8}{\376\377\000L\000i\000s\000t\000\040\000o\000f\000\040\000T\000a\000b\000l\000e\000s}{}% 2
\BOOKMARK [0][-]{section*.9}{\376\377\000L\000i\000s\000t\000\040\000o\000f\000\040\000A\000c\000r\000o\000n\000y\000m\000s}{}% 3
\BOOKMARK [0][-]{chapter.12}{\376\377\000I\000n\000t\000r\000o\000d\000u\000c\000t\000i\000o\000n}{}% 4
\BOOKMARK [1][-]{section.13}{\376\377\000C\000o\000n\000t\000e\000x\000t\000\040\000a\000n\000d\000\040\000P\000r\000o\000b\000l\000e\000m}{chapter.12}% 5
\BOOKMARK [1][-]{section.14}{\376\377\000O\000b\000j\000e\000c\000t\000i\000v\000e\000s}{chapter.12}% 6
\BOOKMARK [1][-]{section.15}{\376\377\000E\000t\000h\000i\000c\000a\000l\000\040\000C\000o\000n\000s\000i\000d\000e\000r\000a\000t\000i\000o\000n\000s}{chapter.12}% 7
\BOOKMARK [1][-]{section.20}{\376\377\000D\000o\000c\000u\000m\000e\000n\000t\000\040\000S\000t\000r\000u\000c\000t\000u\000r\000e}{chapter.12}% 8
\BOOKMARK [0][-]{chapter.25}{\376\377\000B\000a\000c\000k\000g\000r\000o\000u\000n\000d}{}% 9
\BOOKMARK [1][-]{section.26}{\376\377\000D\000i\000s\000t\000r\000i\000b\000u\000t\000e\000d\000\040\000S\000y\000s\000t\000e\000m\000s}{chapter.25}% 10
\BOOKMARK [2][-]{subsection.27}{\376\377\000C\000h\000a\000r\000a\000c\000t\000e\000r\000i\000s\000t\000i\000c\000s}{section.26}% 11
\BOOKMARK [3][-]{section*.28}{\376\377\000T\000r\000a\000n\000s\000p\000a\000r\000e\000n\000c\000y}{subsection.27}% 12
\BOOKMARK [3][-]{section*.29}{\376\377\000R\000e\000l\000i\000a\000b\000i\000l\000i\000t\000y\000\040\000a\000n\000d\000\040\000A\000v\000a\000i\000l\000a\000b\000i\000l\000i\000t\000y}{subsection.27}% 13
\BOOKMARK [3][-]{section*.30}{\376\377\000S\000c\000a\000l\000a\000b\000i\000l\000i\000t\000y}{subsection.27}% 14
\BOOKMARK [3][-]{section*.31}{\376\377\000F\000a\000u\000l\000t\000\040\000t\000o\000l\000e\000r\000a\000n\000c\000e}{subsection.27}% 15
\BOOKMARK [2][-]{subsection.32}{\376\377\000C\000o\000m\000m\000u\000n\000i\000c\000a\000t\000i\000o\000n}{section.26}% 16
\BOOKMARK [2][-]{subsection.33}{\376\377\000C\000h\000a\000l\000l\000e\000n\000g\000e\000s}{section.26}% 17
\BOOKMARK [1][-]{section.34}{\376\377\000F\000a\000u\000l\000t\000\040\000T\000o\000l\000e\000r\000a\000n\000c\000e}{chapter.25}% 18
\BOOKMARK [2][-]{subsection.35}{\376\377\000F\000a\000u\000l\000t\000\040\000T\000o\000l\000e\000r\000a\000n\000c\000e\000\040\000T\000a\000x\000o\000n\000o\000m\000y}{section.34}% 19
\BOOKMARK [2][-]{subsection.38}{\376\377\000S\000t\000r\000a\000t\000e\000g\000i\000e\000s}{section.34}% 20
\BOOKMARK [3][-]{section*.39}{\376\377\000R\000e\000t\000r\000y\000\040\000M\000e\000c\000h\000a\000n\000i\000s\000m}{subsection.38}% 21
\BOOKMARK [3][-]{section*.40}{\376\377\000C\000i\000r\000c\000u\000i\000t\000\040\000B\000r\000e\000a\000k\000e\000r\000\040\000P\000a\000t\000t\000e\000r\000n}{subsection.38}% 22
\BOOKMARK [3][-]{section*.43}{\376\377\000R\000e\000p\000l\000i\000c\000a\000t\000i\000o\000n\000\040\000a\000n\000d\000\040\000R\000e\000d\000u\000n\000d\000a\000n\000c\000y}{subsection.38}% 23
\BOOKMARK [3][-]{section*.51}{\376\377\000C\000h\000e\000c\000k\000-\000p\000o\000i\000n\000t\000i\000n\000g\000\040\000a\000n\000d\000\040\000M\000e\000s\000s\000a\000g\000e\000\040\000L\000o\000g\000g\000i\000n\000g}{subsection.38}% 24
\BOOKMARK [3][-]{section*.52}{\376\377\000O\000v\000e\000r\000v\000i\000e\000w\000\040\000o\000f\000\040\000F\000a\000u\000l\000t\000\040\000T\000o\000l\000e\000r\000a\000n\000c\000e\000\040\000S\000t\000r\000a\000t\000e\000g\000i\000e\000s}{subsection.38}% 25
\BOOKMARK [1][-]{section.53}{\376\377\000D\000i\000s\000t\000r\000i\000b\000u\000t\000e\000d\000\040\000a\000n\000d\000\040\000C\000o\000n\000c\000u\000r\000r\000e\000n\000c\000y\000\040\000P\000r\000o\000g\000r\000a\000m\000m\000i\000n\000g}{chapter.25}% 26
\BOOKMARK [2][-]{subsection.54}{\376\377\000M\000o\000d\000e\000l\000s\000\040\000a\000n\000d\000\040\000P\000a\000r\000a\000d\000i\000g\000m\000s}{section.53}% 27
\BOOKMARK [3][-]{section*.55}{\376\377\000A\000c\000t\000o\000r\000\040\000M\000o\000d\000e\000l}{subsection.54}% 28
\BOOKMARK [3][-]{section*.56}{\376\377\000C\000o\000m\000m\000u\000n\000i\000c\000a\000t\000i\000n\000g\000\040\000S\000e\000q\000u\000e\000n\000t\000i\000a\000l\000\040\000P\000r\000o\000c\000e\000s\000s\000e\000s}{subsection.54}% 29
\BOOKMARK [3][-]{section*.57}{\376\377\000M\000i\000c\000r\000o\000s\000e\000r\000v\000i\000c\000e\000s\000\040\000A\000r\000c\000h\000i\000t\000e\000c\000t\000u\000r\000e\000s}{subsection.54}% 30
\BOOKMARK [2][-]{subsection.58}{\376\377\000D\000i\000s\000t\000r\000i\000b\000u\000t\000e\000d\000\040\000a\000n\000d\000\040\000C\000o\000n\000c\000u\000r\000r\000e\000n\000t\000\040\000P\000r\000o\000g\000r\000a\000m\000m\000i\000n\000g\000\040\000L\000a\000n\000g\000u\000a\000g\000e\000s}{section.53}% 31
\BOOKMARK [3][-]{section*.67}{\376\377\000A\000n\000a\000l\000y\000s\000e\000s\000\040\000a\000n\000d\000\040\000L\000a\000n\000g\000u\000a\000g\000e\000\040\000C\000h\000o\000i\000c\000e\000\040\000J\000u\000s\000t\000i\000f\000i\000c\000a\000t\000i\000o\000n}{subsection.58}% 32
\BOOKMARK [0][-]{chapter.68}{\376\377\000S\000t\000a\000t\000e\000\040\000o\000f\000\040\000t\000h\000e\000\040\000a\000r\000t}{}% 33
\BOOKMARK [1][-]{section.69}{\376\377\000R\000e\000s\000e\000a\000r\000c\000h\000\040\000Q\000u\000e\000s\000t\000i\000o\000n\000s}{chapter.68}% 34
\BOOKMARK [2][-]{subsection.70}{\376\377\000R\000e\000s\000e\000a\000r\000c\000h\000\040\000M\000e\000t\000h\000o\000d\000o\000l\000o\000g\000y}{section.69}% 35
\BOOKMARK [1][-]{section.71}{\376\377\000E\000l\000i\000x\000i\000r\000\040\000P\000r\000o\000g\000r\000a\000m\000m\000i\000n\000g\000\040\000L\000a\000n\000g\000u\000a\000g\000e\000\040\000A\000n\000a\000l\000y\000s\000i\000s}{chapter.68}% 36
\BOOKMARK [2][-]{subsection.72}{\376\377\000T\000h\000e\000\040\000F\000o\000u\000n\000d\000a\000t\000i\000o\000n\000\040\000o\000f\000\040\000E\000r\000l\000a\000n\000g}{section.71}% 37
\BOOKMARK [3][-]{section*.73}{\376\377\000C\000o\000n\000c\000u\000r\000r\000e\000n\000c\000y\000\040\000i\000n\000\040\000B\000E\000A\000M}{subsection.72}% 38
\BOOKMARK [3][-]{section*.76}{\376\377\000G\000a\000r\000b\000a\000g\000e\000\040\000C\000o\000l\000l\000e\000c\000t\000i\000o\000n\000\040\000a\000n\000d\000\040\000I\000m\000m\000u\000t\000a\000b\000i\000l\000i\000t\000y}{subsection.72}% 39
\BOOKMARK [3][-]{section*.77}{\376\377\000H\000o\000t\000-\000C\000o\000d\000e\000\040\000S\000w\000a\000p\000p\000i\000n\000g}{subsection.72}% 40
\BOOKMARK [2][-]{subsection.78}{\376\377\000F\000a\000u\000l\000t\000\040\000T\000o\000l\000e\000r\000a\000n\000c\000e\000\040\000M\000e\000c\000h\000a\000n\000i\000s\000m\000\040\000a\000n\000d\000\040\000S\000t\000r\000a\000t\000e\000g\000i\000e\000s}{section.71}% 41
\BOOKMARK [3][-]{section*.79}{\376\377\000L\000e\000t\000\040\000I\000t\000\040\000C\000r\000a\000s\000h\000\040\000P\000h\000i\000l\000o\000s\000o\000p\000h\000y\000\040\000a\000n\000d\000\040\000A\000c\000t\000o\000r\000\040\000M\000o\000d\000e\000l}{subsection.78}% 42
\BOOKMARK [3][-]{section*.82}{\376\377\000T\000o\000o\000l\000s\000\040\000a\000n\000d\000\040\000S\000u\000p\000p\000o\000r\000t}{subsection.78}% 43
\BOOKMARK [2][-]{subsection.87}{\376\377\000D\000r\000a\000w\000b\000a\000c\000k\000s\000\040\000a\000n\000d\000\040\000R\000e\000a\000l\000\040\000A\000p\000p\000l\000i\000c\000a\000t\000i\000o\000n\000s}{section.71}% 44
\BOOKMARK [1][-]{section.88}{\376\377\000S\000c\000a\000l\000a\000\040\000P\000r\000o\000g\000r\000a\000m\000m\000i\000n\000g\000\040\000L\000a\000n\000g\000u\000a\000g\000e\000\040\000w\000i\000t\000h\000\040\000A\000k\000k\000a\000\040\000T\000o\000o\000l\000k\000i\000t\000\040\000A\000n\000a\000l\000y\000s\000i\000s}{chapter.68}% 45
\BOOKMARK [2][-]{subsection.89}{\376\377\000H\000o\000w\000\040\000A\000k\000k\000a\000\040\000H\000a\000n\000d\000l\000e\000s\000\040\000t\000h\000e\000\040\000A\000c\000t\000o\000r\000\040\000M\000o\000d\000e\000l}{section.88}% 46
\BOOKMARK [3][-]{section*.90}{\376\377\000L\000o\000c\000a\000t\000i\000o\000n\000\040\000T\000r\000a\000n\000s\000p\000a\000r\000e\000n\000c\000y\000\040\000a\000n\000d\000\040\000C\000o\000m\000m\000u\000n\000i\000c\000a\000t\000i\000o\000n}{subsection.89}% 47
\BOOKMARK [3][-]{section*.91}{\376\377\000A\000c\000t\000o\000r\000s\000\040\000I\000s\000o\000l\000a\000t\000i\000o\000n}{subsection.89}% 48
\BOOKMARK [2][-]{subsection.92}{\376\377\000F\000a\000u\000l\000t\000\040\000T\000o\000l\000e\000r\000a\000n\000c\000e\000\040\000M\000e\000c\000h\000a\000n\000i\000s\000m\000\040\000a\000n\000d\000\040\000S\000t\000r\000a\000t\000e\000g\000i\000e\000s}{section.88}% 49
\BOOKMARK [3][-]{section*.93}{\376\377\000A\000k\000k\000a\000\040\000C\000l\000u\000s\000t\000e\000r\000i\000n\000g}{subsection.92}% 50
\BOOKMARK [3][-]{section*.94}{\376\377\000A\000k\000k\000a\000\040\000C\000i\000r\000c\000u\000i\000t\000\040\000B\000r\000e\000a\000k\000e\000r}{subsection.92}% 51
\BOOKMARK [3][-]{section*.95}{\376\377\000A\000k\000k\000a\000\040\000P\000e\000r\000s\000i\000s\000t\000e\000n\000c\000e\000\040\000a\000n\000d\000\040\000E\000v\000e\000n\000t\000\040\000S\000o\000u\000r\000c\000i\000n\000g}{subsection.92}% 52
\BOOKMARK [2][-]{subsection.96}{\376\377\000C\000o\000m\000p\000a\000r\000i\000s\000o\000n\000\040\000w\000i\000t\000h\000\040\000E\000l\000i\000x\000i\000r\000/\000B\000E\000A\000M\000\040\000a\000n\000d\000\040\000R\000e\000a\000l\000\040\000A\000p\000p\000l\000i\000c\000a\000t\000i\000o\000n\000s}{section.88}% 53
\BOOKMARK [1][-]{section.101}{\376\377\000G\000o\000\040\000P\000r\000o\000g\000r\000a\000m\000m\000i\000n\000g\000\040\000L\000a\000n\000g\000u\000a\000g\000e\000\040\000A\000n\000a\000l\000y\000s\000i\000s}{chapter.68}% 54
\BOOKMARK [2][-]{subsection.102}{\376\377\000C\000o\000n\000c\000u\000r\000r\000e\000n\000c\000y\000\040\000a\000n\000d\000\040\000D\000i\000s\000t\000r\000i\000b\000u\000t\000i\000o\000n}{section.101}% 55
\BOOKMARK [3][-]{section*.103}{\376\377\000G\000o\000r\000o\000u\000t\000i\000n\000e\000s}{subsection.102}% 56
\BOOKMARK [3][-]{section*.105}{\376\377\000C\000h\000a\000n\000n\000e\000l\000s}{subsection.102}% 57
\BOOKMARK [3][-]{section*.106}{\376\377\000G\000a\000r\000b\000a\000g\000e\000\040\000C\000o\000l\000l\000e\000c\000t\000o\000r}{subsection.102}% 58
\BOOKMARK [3][-]{section*.107}{\376\377\000D\000i\000s\000t\000r\000i\000b\000u\000t\000e\000d\000\040\000C\000o\000m\000m\000u\000n\000i\000c\000a\000t\000i\000o\000n}{subsection.102}% 59
\BOOKMARK [2][-]{subsection.108}{\376\377\000F\000a\000u\000l\000t\000\040\000T\000o\000l\000e\000r\000a\000n\000c\000e\000\040\000M\000e\000c\000h\000a\000n\000i\000s\000m\000\040\000a\000n\000d\000\040\000S\000t\000r\000a\000t\000e\000g\000i\000e\000s}{section.101}% 60
\BOOKMARK [3][-]{section*.109}{\376\377\000E\000r\000r\000o\000r\000\040\000P\000h\000i\000l\000o\000s\000o\000p\000h\000y}{subsection.108}% 61
\BOOKMARK [3][-]{section*.110}{\376\377\000F\000a\000u\000l\000t\000\040\000T\000o\000l\000e\000r\000a\000n\000c\000e\000\040\000M\000e\000c\000h\000a\000n\000i\000s\000m\000s\000\040\000a\000n\000d\000\040\000S\000t\000r\000a\000t\000e\000g\000i\000e\000s}{subsection.108}% 62
\BOOKMARK [2][-]{subsection.114}{\376\377\000C\000h\000a\000l\000l\000e\000n\000g\000e\000s\000\040\000C\000o\000m\000p\000a\000r\000e\000d\000\040\000W\000i\000t\000h\000\040\000A\000k\000k\000a\000\040\000a\000n\000d\000\040\000E\000l\000i\000x\000i\000r\000\040\000a\000n\000d\000\040\000R\000e\000a\000l\000\040\000A\000p\000p\000l\000i\000c\000a\000t\000i\000o\000n\000s}{section.101}% 63
\BOOKMARK [1][-]{section.118}{\376\377\000B\000e\000n\000c\000h\000m\000a\000r\000k\000i\000n\000g\000\040\000A\000n\000a\000l\000y\000s\000e\000s}{chapter.68}% 64
\BOOKMARK [2][-]{subsection.120}{\376\377\000F\000a\000u\000l\000t\000-\000T\000o\000l\000e\000r\000a\000n\000t\000\040\000a\000n\000d\000\040\000D\000i\000s\000t\000r\000i\000b\000u\000t\000e\000d\000\040\000B\000e\000n\000c\000h\000m\000a\000r\000k\000i\000n\000g}{section.118}% 65
\BOOKMARK [3][-]{section*.121}{\376\377\000S\000t\000r\000a\000t\000e\000g\000i\000e\000s}{subsection.120}% 66
\BOOKMARK [3][-]{section*.124}{\376\377\000M\000e\000t\000r\000i\000c\000s}{subsection.120}% 67
\BOOKMARK [1][-]{section.125}{\376\377\000C\000o\000n\000c\000l\000u\000s\000i\000o\000n\000s}{chapter.68}% 68
\BOOKMARK [2][-]{subsection.126}{\376\377\000R\000e\000s\000e\000a\000r\000c\000h\000\040\000Q\000u\000e\000s\000t\000i\000o\000n\000s\000\040\000A\000n\000s\000w\000e\000r\000s}{section.125}% 69
\BOOKMARK [2][-]{subsection.127}{\376\377\000F\000u\000t\000u\000r\000e\000\040\000W\000o\000r\000k}{section.125}% 70
\BOOKMARK [0][-]{chapter.128}{\376\377\000P\000r\000o\000j\000e\000c\000t\000\040\000P\000l\000a\000n\000n\000i\000n\000g}{}% 71
\BOOKMARK [1][-]{section.129}{\376\377\000P\000r\000o\000j\000e\000c\000t\000\040\000C\000h\000a\000r\000t\000e\000r}{chapter.128}% 72
\BOOKMARK [1][-]{section.131}{\376\377\000W\000o\000r\000k\000\040\000B\000r\000e\000a\000k\000d\000o\000w\000n\000\040\000S\000t\000r\000u\000c\000t\000u\000r\000e}{chapter.128}% 73
\BOOKMARK [1][-]{section.133}{\376\377\000G\000a\000n\000t\000t\000\040\000D\000i\000a\000g\000r\000a\000m}{chapter.128}% 74
\BOOKMARK [2][-]{subsection.135}{\376\377\000P\000r\000o\000j\000e\000c\000t\000\040\000M\000a\000n\000a\000g\000e\000m\000e\000n\000t\000\040\000a\000n\000d\000\040\000S\000c\000h\000e\000d\000u\000l\000i\000n\000g}{section.133}% 75
\BOOKMARK [2][-]{subsection.139}{\376\377\000M\000o\000n\000i\000t\000o\000r\000i\000n\000g\000\040\000a\000n\000d\000\040\000C\000o\000n\000t\000r\000o\000l\000l\000i\000n\000g\000\040\000P\000r\000o\000c\000e\000d\000u\000r\000e\000s}{section.133}% 76
\BOOKMARK [2][-]{subsection.141}{\376\377\000M\000e\000e\000t\000i\000n\000g\000\040\000S\000e\000s\000s\000i\000o\000n\000s}{section.133}% 77
\BOOKMARK [2][-]{subsection.143}{\376\377\000C\000o\000m\000p\000e\000t\000e\000n\000c\000i\000e\000s\000\040\000D\000e\000v\000e\000l\000o\000p\000m\000e\000n\000t\000\040\000P\000l\000a\000n}{section.133}% 78
\BOOKMARK [1][-]{section.148}{\376\377\000R\000i\000s\000k\000\040\000M\000a\000n\000a\000g\000e\000m\000e\000n\000t}{chapter.128}% 79
\BOOKMARK [2][-]{subsection.149}{\376\377\000R\000i\000s\000k\000\040\0001\000:\000\040\000B\000u\000g\000s\000\040\000i\000n\000\040\000T\000h\000i\000r\000d\000-\000P\000a\000r\000t\000y\000\040\000L\000i\000b\000r\000a\000r\000i\000e\000s}{section.148}% 80
\BOOKMARK [2][-]{subsection.150}{\376\377\000R\000i\000s\000k\000\040\0002\000:\000\040\000I\000n\000t\000e\000g\000r\000a\000t\000i\000o\000n\000\040\000C\000h\000a\000l\000l\000e\000n\000g\000e\000s\000\040\000B\000e\000t\000w\000e\000e\000n\000\040\000C\000o\000m\000p\000o\000n\000e\000n\000t\000s}{section.148}% 81
\BOOKMARK [0][-]{appendix.152}{\376\377\000A\000p\000p\000e\000n\000d\000i\000x\000\040\000P\000l\000a\000n\000n\000i\000n\000g\000\040\000D\000e\000t\000a\000i\000l\000i\000n\000g}{}% 82
\BOOKMARK [1][-]{section.153}{\376\377\000G\000a\000n\000t\000t\000\040\000C\000h\000a\000r\000t}{appendix.152}% 83
\BOOKMARK [1][-]{section.155}{\376\377\000W\000o\000r\000k\000\040\000B\000r\000e\000a\000k\000d\000o\000w\000n\000\040\000S\000t\000r\000u\000c\000t\000u\000r\000e\000\040\000D\000i\000c\000t\000i\000o\000n\000a\000r\000y}{appendix.152}% 84
